<?xml version="1.0" encoding="UTF-8"?>
<testsuite xmlns:xsi="http://www.w3.org/2001/XMLSchema-instance" xsi:noNamespaceSchemaLocation="https://maven.apache.org/surefire/maven-surefire-plugin/xsd/surefire-test-report.xsd" name="com.daniel.functionalTest.FunctionalTest" time="12.162" tests="3" errors="0" skipped="0" failures="0">
  <properties>
[...]
</properties>
  <testcase name="deveCadastrarTask" classname="com.daniel.functionalTest.FunctionalTest" time="12.162"/>
  <testcase name="naoDeveSalvarTarefaSemData" classname="com.daniel.functionalTest.FunctionalTest" time="9.527"/>
  <testcase name="naoDeveSalvarTarefaSemDescricao" classname="com.daniel.functionalTest.FunctionalTest" time="9.419"/>
</testsuite>